<?xml version="1.0" encoding="UTF-8"?>
<!-- Generated by org.testng.reporters.JUnitXMLReporter -->
<testsuite ignored="0" hostname="appleberrys-MBP" failures="2" tests="3" name="Surefire test" time="73.187" errors="0" timestamp="2025-06-17T14:30:10 BST">
  <testcase classname="tests.BrightHrTest" name="testLogin" time="7.682"/>
  <testcase classname="tests.BrightHrTest" name="testAddEmployees" time="30.008">
    <failure type="com.microsoft.playwright.TimeoutError" message="Error {
  message=&amp;apos;Timeout 30000ms exceeded.
  name=&amp;apos;TimeoutError
  stack=&amp;apos;TimeoutError: Timeout 30000ms exceeded.
    at ProgressController.run (/private/var/folders/05/hxtcj21x1ks01xktcq0nwfs40000gn/T/playwright-java-4538967985815362162/package/lib/server/progress.js:78:26)
    at Frame.click (/private/var/folders/05/hxtcj21x1ks01xktcq0nwfs40000gn/T/playwright-java-4538967985815362162/package/lib/server/frames.js:996:23)
    at FrameDispatcher.click (/private/var/folders/05/hxtcj21x1ks01xktcq0nwfs40000gn/T/playwright-java-4538967985815362162/package/lib/server/dispatchers/frameDispatcher.js:158:30)
    at FrameDispatcher._handleCommand (/private/var/folders/05/hxtcj21x1ks01xktcq0nwfs40000gn/T/playwright-java-4538967985815362162/package/lib/server/dispatchers/dispatcher.js:94:40)
    at DispatcherConnection.dispatch (/private/var/folders/05/hxtcj21x1ks01xktcq0nwfs40000gn/T/playwright-java-4538967985815362162/package/lib/server/dispatchers/dispatcher.js:365:39)
}
Call log:
- waiting for locator(&amp;quot;[data-tab=&amp;apos;employees&amp;apos;]&amp;quot;)
">
      <![CDATA[com.microsoft.playwright.TimeoutError: Error {
  message='Timeout 30000ms exceeded.
  name='TimeoutError
  stack='TimeoutError: Timeout 30000ms exceeded.
    at ProgressController.run (/private/var/folders/05/hxtcj21x1ks01xktcq0nwfs40000gn/T/playwright-java-4538967985815362162/package/lib/server/progress.js:78:26)
    at Frame.click (/private/var/folders/05/hxtcj21x1ks01xktcq0nwfs40000gn/T/playwright-java-4538967985815362162/package/lib/server/frames.js:996:23)
    at FrameDispatcher.click (/private/var/folders/05/hxtcj21x1ks01xktcq0nwfs40000gn/T/playwright-java-4538967985815362162/package/lib/server/dispatchers/frameDispatcher.js:158:30)
    at FrameDispatcher._handleCommand (/private/var/folders/05/hxtcj21x1ks01xktcq0nwfs40000gn/T/playwright-java-4538967985815362162/package/lib/server/dispatchers/dispatcher.js:94:40)
    at DispatcherConnection.dispatch (/private/var/folders/05/hxtcj21x1ks01xktcq0nwfs40000gn/T/playwright-java-4538967985815362162/package/lib/server/dispatchers/dispatcher.js:365:39)
}
Call log:
- waiting for locator("[data-tab='employees']")

at com.microsoft.playwright.impl.WaitableResult.get(WaitableResult.java:52)
at com.microsoft.playwright.impl.ChannelOwner.runUntil(ChannelOwner.java:120)
at com.microsoft.playwright.impl.Connection.sendMessage(Connection.java:130)
at com.microsoft.playwright.impl.ChannelOwner.sendMessage(ChannelOwner.java:106)
at com.microsoft.playwright.impl.FrameImpl.clickImpl(FrameImpl.java:252)
at com.microsoft.playwright.impl.PageImpl.lambda$click$18(PageImpl.java:620)
at com.microsoft.playwright.impl.LoggingSupport.lambda$withLogging$0(LoggingSupport.java:36)
at com.microsoft.playwright.impl.LoggingSupport.withLogging(LoggingSupport.java:47)
at com.microsoft.playwright.impl.ChannelOwner.withLogging(ChannelOwner.java:89)
at com.microsoft.playwright.impl.LoggingSupport.withLogging(LoggingSupport.java:35)
at com.microsoft.playwright.impl.PageImpl.click(PageImpl.java:619)
at com.microsoft.playwright.Page.click(Page.java:3801)
at pages.EmployeePage.goToEmployeeTab(EmployeePage.java:18)
at tests.BrightHrTest.testAddEmployees(BrightHrTest.java:40)
at java.base/java.util.ArrayList.forEach(ArrayList.java:1597)
Caused by: com.microsoft.playwright.TimeoutError: Error {
  message='Timeout 30000ms exceeded.
  name='TimeoutError
  stack='TimeoutError: Timeout 30000ms exceeded.
    at ProgressController.run (/private/var/folders/05/hxtcj21x1ks01xktcq0nwfs40000gn/T/playwright-java-4538967985815362162/package/lib/server/progress.js:78:26)
    at Frame.click (/private/var/folders/05/hxtcj21x1ks01xktcq0nwfs40000gn/T/playwright-java-4538967985815362162/package/lib/server/frames.js:996:23)
    at FrameDispatcher.click (/private/var/folders/05/hxtcj21x1ks01xktcq0nwfs40000gn/T/playwright-java-4538967985815362162/package/lib/server/dispatchers/frameDispatcher.js:158:30)
    at FrameDispatcher._handleCommand (/private/var/folders/05/hxtcj21x1ks01xktcq0nwfs40000gn/T/playwright-java-4538967985815362162/package/lib/server/dispatchers/dispatcher.js:94:40)
    at DispatcherConnection.dispatch (/private/var/folders/05/hxtcj21x1ks01xktcq0nwfs40000gn/T/playwright-java-4538967985815362162/package/lib/server/dispatchers/dispatcher.js:365:39)
}
Call log:
- waiting for locator("[data-tab='employees']")

at com.microsoft.playwright.impl.Connection.dispatch(Connection.java:254)
at com.microsoft.playwright.impl.Connection.processOneMessage(Connection.java:211)
at com.microsoft.playwright.impl.ChannelOwner.runUntil(ChannelOwner.java:118)
... 43 more
... Removed 30 stack frames]]>
    </failure>
  </testcase> <!-- testAddEmployees -->
  <testcase classname="tests.BrightHrTest" name="testVerifyEmployees" time="30.018">
    <failure type="com.microsoft.playwright.TimeoutError" message="Error {
  message=&amp;apos;Timeout 30000ms exceeded.
  name=&amp;apos;TimeoutError
  stack=&amp;apos;TimeoutError: Timeout 30000ms exceeded.
    at ProgressController.run (/private/var/folders/05/hxtcj21x1ks01xktcq0nwfs40000gn/T/playwright-java-4538967985815362162/package/lib/server/progress.js:78:26)
    at Frame.click (/private/var/folders/05/hxtcj21x1ks01xktcq0nwfs40000gn/T/playwright-java-4538967985815362162/package/lib/server/frames.js:996:23)
    at FrameDispatcher.click (/private/var/folders/05/hxtcj21x1ks01xktcq0nwfs40000gn/T/playwright-java-4538967985815362162/package/lib/server/dispatchers/frameDispatcher.js:158:30)
    at FrameDispatcher._handleCommand (/private/var/folders/05/hxtcj21x1ks01xktcq0nwfs40000gn/T/playwright-java-4538967985815362162/package/lib/server/dispatchers/dispatcher.js:94:40)
    at DispatcherConnection.dispatch (/private/var/folders/05/hxtcj21x1ks01xktcq0nwfs40000gn/T/playwright-java-4538967985815362162/package/lib/server/dispatchers/dispatcher.js:365:39)
}
Call log:
- waiting for locator(&amp;quot;[data-tab=&amp;apos;employees&amp;apos;]&amp;quot;)
">
      <![CDATA[com.microsoft.playwright.TimeoutError: Error {
  message='Timeout 30000ms exceeded.
  name='TimeoutError
  stack='TimeoutError: Timeout 30000ms exceeded.
    at ProgressController.run (/private/var/folders/05/hxtcj21x1ks01xktcq0nwfs40000gn/T/playwright-java-4538967985815362162/package/lib/server/progress.js:78:26)
    at Frame.click (/private/var/folders/05/hxtcj21x1ks01xktcq0nwfs40000gn/T/playwright-java-4538967985815362162/package/lib/server/frames.js:996:23)
    at FrameDispatcher.click (/private/var/folders/05/hxtcj21x1ks01xktcq0nwfs40000gn/T/playwright-java-4538967985815362162/package/lib/server/dispatchers/frameDispatcher.js:158:30)
    at FrameDispatcher._handleCommand (/private/var/folders/05/hxtcj21x1ks01xktcq0nwfs40000gn/T/playwright-java-4538967985815362162/package/lib/server/dispatchers/dispatcher.js:94:40)
    at DispatcherConnection.dispatch (/private/var/folders/05/hxtcj21x1ks01xktcq0nwfs40000gn/T/playwright-java-4538967985815362162/package/lib/server/dispatchers/dispatcher.js:365:39)
}
Call log:
- waiting for locator("[data-tab='employees']")

at com.microsoft.playwright.impl.WaitableResult.get(WaitableResult.java:52)
at com.microsoft.playwright.impl.ChannelOwner.runUntil(ChannelOwner.java:120)
at com.microsoft.playwright.impl.Connection.sendMessage(Connection.java:130)
at com.microsoft.playwright.impl.ChannelOwner.sendMessage(ChannelOwner.java:106)
at com.microsoft.playwright.impl.FrameImpl.clickImpl(FrameImpl.java:252)
at com.microsoft.playwright.impl.PageImpl.lambda$click$18(PageImpl.java:620)
at com.microsoft.playwright.impl.LoggingSupport.lambda$withLogging$0(LoggingSupport.java:36)
at com.microsoft.playwright.impl.LoggingSupport.withLogging(LoggingSupport.java:47)
at com.microsoft.playwright.impl.ChannelOwner.withLogging(ChannelOwner.java:89)
at com.microsoft.playwright.impl.LoggingSupport.withLogging(LoggingSupport.java:35)
at com.microsoft.playwright.impl.PageImpl.click(PageImpl.java:619)
at com.microsoft.playwright.Page.click(Page.java:3801)
at pages.EmployeePage.goToEmployeeTab(EmployeePage.java:18)
at tests.BrightHrTest.testVerifyEmployees(BrightHrTest.java:47)
at java.base/java.util.ArrayList.forEach(ArrayList.java:1597)
Caused by: com.microsoft.playwright.TimeoutError: Error {
  message='Timeout 30000ms exceeded.
  name='TimeoutError
  stack='TimeoutError: Timeout 30000ms exceeded.
    at ProgressController.run (/private/var/folders/05/hxtcj21x1ks01xktcq0nwfs40000gn/T/playwright-java-4538967985815362162/package/lib/server/progress.js:78:26)
    at Frame.click (/private/var/folders/05/hxtcj21x1ks01xktcq0nwfs40000gn/T/playwright-java-4538967985815362162/package/lib/server/frames.js:996:23)
    at FrameDispatcher.click (/private/var/folders/05/hxtcj21x1ks01xktcq0nwfs40000gn/T/playwright-java-4538967985815362162/package/lib/server/dispatchers/frameDispatcher.js:158:30)
    at FrameDispatcher._handleCommand (/private/var/folders/05/hxtcj21x1ks01xktcq0nwfs40000gn/T/playwright-java-4538967985815362162/package/lib/server/dispatchers/dispatcher.js:94:40)
    at DispatcherConnection.dispatch (/private/var/folders/05/hxtcj21x1ks01xktcq0nwfs40000gn/T/playwright-java-4538967985815362162/package/lib/server/dispatchers/dispatcher.js:365:39)
}
Call log:
- waiting for locator("[data-tab='employees']")

at com.microsoft.playwright.impl.Connection.dispatch(Connection.java:254)
at com.microsoft.playwright.impl.Connection.processOneMessage(Connection.java:211)
at com.microsoft.playwright.impl.ChannelOwner.runUntil(ChannelOwner.java:118)
... 43 more
... Removed 30 stack frames]]>
    </failure>
  </testcase> <!-- testVerifyEmployees -->
</testsuite> <!-- Surefire test -->
